2021-05-24 12:02:51,100 - __main__ - DEBUG - call - Starting function get_project
2021-05-24 12:02:51,101 - __main__ - DEBUG - login - Logging in from get_project
2021-05-24 12:02:51,817 - __main__ - DEBUG - call - Starting function get_project
2021-05-24 12:02:51,817 - __main__ - DEBUG - login - Logging in from get_project
2021-05-24 12:02:53,004 - __main__ - DEBUG - process_full_path - Finished processing full path forxs ./parent_github_1/child_github_3/WorkoutWednesday-2021-19-Layers.twbx
2021-05-24 11:03:44,444 - __main__ - DEBUG - call - Starting function get_project
2021-05-24 11:03:44,448 - __main__ - DEBUG - login - Logging in from get_project
2021-05-24 11:03:45,122 - __main__ - DEBUG - call - Starting function get_project
2021-05-24 11:03:45,123 - __main__ - DEBUG - login - Logging in from get_project
2021-05-24 11:03:46,275 - __main__ - DEBUG - process_full_path - Finished processing full path forxs ./parent_github_1/child_github_3/WorkoutWednesday-2021-19-Layers.twbx
2021-05-24 11:06:26,266 - __main__ - DEBUG - call - Starting function get_project
2021-05-24 11:06:26,268 - __main__ - DEBUG - login - Logging in from get_project
2021-05-24 11:06:26,795 - __main__ - DEBUG - call - Starting function get_project
2021-05-24 11:06:26,798 - __main__ - DEBUG - login - Logging in from get_project
2021-05-24 11:06:27,865 - __main__ - DEBUG - process_full_path - Finished processing full path forxs ./parent_github_1/child_github_3/WorkoutWednesday-2021-19-Layers.twbx
2021-05-24 11:16:12,310 - __main__ - DEBUG - call - Starting function get_project
2021-05-24 11:16:12,312 - __main__ - DEBUG - login - Logging in from get_project
2021-05-24 11:16:12,873 - __main__ - DEBUG - call - Starting function get_project
2021-05-24 11:16:12,876 - __main__ - DEBUG - login - Logging in from get_project
2021-05-24 11:16:14,016 - __main__ - DEBUG - process_full_path - Finished processing full path forxs ./parent_github_1/child_github_3/WorkoutWednesday-2021-19-Layers.twbx
2021-05-24 11:18:33,221 - __main__ - DEBUG - call - Starting function get_project
2021-05-24 11:18:33,225 - __main__ - DEBUG - login - Logging in from get_project
2021-05-24 11:18:33,816 - __main__ - DEBUG - call - Starting function create_project
2021-05-24 11:18:33,820 - __main__ - DEBUG - login - Logging in from create_project
2021-05-24 11:18:34,996 - __main__ - INFO - create_project - ('sample_wb', '29ff7696-de56-4d85-8ef9-2d1de163902b') was created
2021-05-24 11:18:35,170 - __main__ - DEBUG - call - Starting function get_project
2021-05-24 11:18:35,172 - __main__ - DEBUG - login - Logging in from get_project
2021-05-24 11:18:36,250 - __main__ - DEBUG - call - Starting function create_project
2021-05-24 11:18:36,252 - __main__ - DEBUG - login - Logging in from create_project
2021-05-24 11:18:37,403 - __main__ - INFO - create_project - ('deprecated', 'ae3669ca-3077-4141-960d-ad6a9093f124') was created
2021-05-24 11:18:37,541 - __main__ - DEBUG - process_full_path - Finished processing full path forxs sample_wb/deprecated/WorkoutWednesday-2021-19-Layers.twbx
